Using pre-set license
Built from '2021.2/staging' branch; Version is '2021.2.11f1 (e50cafbb4399) revision 15010991'; Using compiler version '192829333'; Build Type 'Release'
OS: 'Windows 10  (10.0.19044) 64bit Professional' Language: 'cs' Physical Memory: 16329 MB
BatchMode: 1, IsHumanControllingUs: 0, StartBugReporterOnCrash: 0, Is64bit: 1, IsPro: 0

COMMAND LINE ARGUMENTS:
C:\Program Files\Unity\Hub\Editor\2021.2.11f1\Editor\Unity.exe
-adb2
-batchMode
-noUpm
-name
AssetImportWorker0
-projectPath
C:/Users/janko/Documents/war_simulator/zbrojnice
-logFile
Logs/AssetImportWorker0.log
-srvPort
53189
Successfully changed project path to: C:/Users/janko/Documents/war_simulator/zbrojnice
C:/Users/janko/Documents/war_simulator/zbrojnice
[UnityMemory] Configuration Parameters - Can be set up in boot.config
    "memorysetup-bucket-allocator-granularity=16"
    "memorysetup-bucket-allocator-bucket-count=8"
    "memorysetup-bucket-allocator-block-size=33554432"
    "memorysetup-bucket-allocator-block-count=8"
    "memorysetup-main-allocator-block-size=16777216"
    "memorysetup-thread-allocator-block-size=16777216"
    "memorysetup-gfx-main-allocator-block-size=16777216"
    "memorysetup-gfx-thread-allocator-block-size=16777216"
    "memorysetup-cache-allocator-block-size=4194304"
    "memorysetup-typetree-allocator-block-size=2097152"
    "memorysetup-profiler-bucket-allocator-granularity=16"
    "memorysetup-profiler-bucket-allocator-bucket-count=8"
    "memorysetup-profiler-bucket-allocator-block-size=33554432"
    "memorysetup-profiler-bucket-allocator-block-count=8"
    "memorysetup-profiler-allocator-block-size=16777216"
    "memorysetup-profiler-editor-allocator-block-size=1048576"
    "memorysetup-temp-allocator-size-main=16777216"
    "memorysetup-job-temp-allocator-block-size=2097152"
    "memorysetup-job-temp-allocator-block-size-background=1048576"
    "memorysetup-job-temp-allocator-reduction-small-platforms=262144"
    "memorysetup-temp-allocator-size-background-worker=32768"
    "memorysetup-temp-allocator-size-job-worker=262144"
    "memorysetup-temp-allocator-size-preload-manager=33554432"
    "memorysetup-temp-allocator-size-nav-mesh-worker=65536"
    "memorysetup-temp-allocator-size-audio-worker=65536"
    "memorysetup-temp-allocator-size-cloud-worker=32768"
    "memorysetup-temp-allocator-size-gi-baking-worker=262144"
    "memorysetup-temp-allocator-size-gfx=262144"
Refreshing native plugins compatible for Editor in 88.90 ms, found 3 plugins.
Preloading 0 native plugins for Editor in 0.00 ms.
Initialize engine version: 2021.2.11f1 (e50cafbb4399)
[Subsystems] Discovering subsystems at path C:/Program Files/Unity/Hub/Editor/2021.2.11f1/Editor/Data/Resources/UnitySubsystems
[Subsystems] Discovering subsystems at path C:/Users/janko/Documents/war_simulator/zbrojnice/Assets
GfxDevice: creating device client; threaded=0; jobified=0
Direct3D:
    Version:  Direct3D 11.0 [level 11.1]
    Renderer: NVIDIA GeForce GTX 1060 6GB (ID=0x1c03)
    Vendor:   NVIDIA
    VRAM:     6052 MB
    Driver:   31.0.15.1694
Initialize mono
Mono path[0] = 'C:/Program Files/Unity/Hub/Editor/2021.2.11f1/Editor/Data/Managed'
Mono path[1] = 'C:/Program Files/Unity/Hub/Editor/2021.2.11f1/Editor/Data/MonoBleedingEdge/lib/mono/unityjit-win32'
Mono config path = 'C:/Program Files/Unity/Hub/Editor/2021.2.11f1/Editor/Data/MonoBleedingEdge/etc'
Using monoOptions --debugger-agent=transport=dt_socket,embedding=1,server=y,suspend=n,address=127.0.0.1:56456
Begin MonoManager ReloadAssembly
Registering precompiled unity dll's ...
Register platform support module: C:/Program Files/Unity/Hub/Editor/2021.2.11f1/Editor/Data/PlaybackEngines/WebGLSupport/UnityEditor.WebGL.Extensions.dll
Register platform support module: C:/Program Files/Unity/Hub/Editor/2021.2.11f1/Editor/Data/PlaybackEngines/WindowsStandaloneSupport/UnityEditor.WindowsStandalone.Extensions.dll
Registered in 0.013037 seconds.
Native extension for WindowsStandalone target not found
Native extension for WebGL target not found
Refreshing native plugins compatible for Editor in 89.27 ms, found 3 plugins.
Preloading 0 native plugins for Editor in 0.00 ms.
Mono: successfully reloaded assembly
- Completed reload, in  0.747 seconds
Domain Reload Profiling:
	ReloadAssembly (748ms)
		BeginReloadAssembly (90ms)
			ExecutionOrderSort (0ms)
			DisableScriptedObjects (0ms)
			BackupInstance (0ms)
			ReleaseScriptingObjects (0ms)
			CreateAndSetChildDomain (1ms)
		EndReloadAssembly (554ms)
			LoadAssemblies (87ms)
			RebuildTransferFunctionScriptingTraits (0ms)
			SetupTypeCache (123ms)
			ReleaseScriptCaches (0ms)
			RebuildScriptCaches (31ms)
			SetupLoadedEditorAssemblies (336ms)
				LogAssemblyErrors (0ms)
				InitializePlatformSupportModulesInManaged (21ms)
				SetLoadedEditorAssemblies (0ms)
				RefreshPlugins (89ms)
				BeforeProcessingInitializeOnLoad (1ms)
				ProcessInitializeOnLoadAttributes (168ms)
				ProcessInitializeOnLoadMethodAttributes (56ms)
				AfterProcessingInitializeOnLoad (0ms)
				EditorAssembliesLoaded (0ms)
			ExecutionOrderSort2 (0ms)
			AwakeInstancesAfterBackupRestoration (0ms)
Platform modules already initialized, skipping
Registering precompiled user dll's ...
Registered in 0.008211 seconds.
Begin MonoManager ReloadAssembly
Symbol file LoadedFromMemory doesn't match image C:\Users\janko\Documents\war_simulator\zbrojnice\Library\PackageCache\com.unity.visualscripting@1.7.6\Editor\VisualScripting.Core\Dependencies\YamlDotNet\Unity.VisualScripting.YamlDotNet.dll
Symbol file LoadedFromMemory doesn't match image C:\Users\janko\Documents\war_simulator\zbrojnice\Library\PackageCache\com.unity.visualscripting@1.7.6\Editor\VisualScripting.Core\Dependencies\DotNetZip\Unity.VisualScripting.IonicZip.dll
Native extension for WindowsStandalone target not found
Native extension for WebGL target not found
Refreshing native plugins compatible for Editor in 0.69 ms, found 3 plugins.
Preloading 0 native plugins for Editor in 0.00 ms.
Mono: successfully reloaded assembly
- Completed reload, in  1.176 seconds
Domain Reload Profiling:
	ReloadAssembly (1177ms)
		BeginReloadAssembly (135ms)
			ExecutionOrderSort (0ms)
			DisableScriptedObjects (8ms)
			BackupInstance (0ms)
			ReleaseScriptingObjects (0ms)
			CreateAndSetChildDomain (22ms)
		EndReloadAssembly (920ms)
			LoadAssemblies (96ms)
			RebuildTransferFunctionScriptingTraits (0ms)
			SetupTypeCache (293ms)
			ReleaseScriptCaches (1ms)
			RebuildScriptCaches (57ms)
			SetupLoadedEditorAssemblies (431ms)
				LogAssemblyErrors (0ms)
				InitializePlatformSupportModulesInManaged (17ms)
				SetLoadedEditorAssemblies (1ms)
				RefreshPlugins (1ms)
				BeforeProcessingInitializeOnLoad (97ms)
				ProcessInitializeOnLoadAttributes (277ms)
				ProcessInitializeOnLoadMethodAttributes (26ms)
				AfterProcessingInitializeOnLoad (12ms)
				EditorAssembliesLoaded (0ms)
			ExecutionOrderSort2 (0ms)
			AwakeInstancesAfterBackupRestoration (9ms)
Platform modules already initialized, skipping
========================================================================
Worker process is ready to serve import requests
Launched and connected shader compiler UnityShaderCompiler.exe after 0.04 seconds
Refreshing native plugins compatible for Editor in 0.59 ms, found 3 plugins.
Preloading 0 native plugins for Editor in 0.00 ms.
Unloading 3216 Unused Serialized files (Serialized files now loaded: 0)
Unloading 26 unused Assets / (112.4 KB). Loaded Objects now: 3672.
Memory consumption went from 112.1 MB to 111.9 MB.
Total: 3.682000 ms (FindLiveObjects: 0.331500 ms CreateObjectMapping: 0.097400 ms MarkObjects: 3.140700 ms  DeleteObjects: 0.110700 ms)

AssetImportParameters requested are different than current active one (requested -> active):
  custom:video-decoder-ogg-theora: a1e56fd34408186e4bbccfd4996cb3dc -> 
  custom:container-muxer-webm: aa71ff27fc2769a1b78a27578f13a17b -> 
  custom:container-demuxer-webm: 4f35f7cbe854078d1ac9338744f61a02 -> 
  custom:video-encoder-webm-vp8: eb34c28f22e8b96e1ab97ce403110664 -> 
  custom:audio-encoder-webm-vorbis: bf7c407c2cedff20999df2af8eb42d56 -> 
  custom:framework-win-MediaFoundation: 216162199b28c13a410421893ffa2e32 -> 
  custom:container-demuxer-ogg: 62fdf1f143b41e24485cea50d1cbac27 -> 
  custom:video-decoder-webm-vp8: 9c59270c3fd7afecdb556c50c9e8de78 -> 
  custom:audio-decoder-ogg-vorbis: bf7c407c2cedff20999df2af8eb42d56 -> 
========================================================================
Received Import Request.
  Time since last request: 84498.426486 seconds.
  path: Assets/EldamarStudio/wood.jpg
  artifactKey: Guid(559c718a779abbc41a786767be27c90a) Importer(815301076,1909f56bfc062723c751e8b465ee728b)
Start importing Assets/EldamarStudio/wood.jpg using Guid(559c718a779abbc41a786767be27c90a) Importer(815301076,1909f56bfc062723c751e8b465ee728b)  -> (artifact id: 'fe5bfd54ea05f58c209f0dce5b233ee5') in 0.084385 seconds 
========================================================================
Received Import Request.
  Time since last request: 582.178355 seconds.
  path: Assets/EldamarStudio/Materials/wood.mat
  artifactKey: Guid(d18bb402f4d5e0145a26ac8a0d432dad) Importer(815301076,1909f56bfc062723c751e8b465ee728b)
Start importing Assets/EldamarStudio/Materials/wood.mat using Guid(d18bb402f4d5e0145a26ac8a0d432dad) Importer(815301076,1909f56bfc062723c751e8b465ee728b)  -> (artifact id: 'b08d4a195af6f1e59126751c98387b7d') in 0.083803 seconds 
========================================================================
Received Import Request.
  Time since last request: 0.466320 seconds.
  path: Assets/objects/models/soldier.blend
  artifactKey: Guid(7648b60442306a54a96c0d9b90dad72e) Importer(815301076,1909f56bfc062723c751e8b465ee728b)
Start importing Assets/objects/models/soldier.blend using Guid(7648b60442306a54a96c0d9b90dad72e) Importer(815301076,1909f56bfc062723c751e8b465ee728b)  -> (artifact id: '7f8234c3d683308c00b499b2f835610a') in 0.092943 seconds 
========================================================================
Received Import Request.
  Time since last request: 302.069325 seconds.
  path: Assets/EldamarStudio/Materials
  artifactKey: Guid(884f6a6bcd7d90b44bebd686d2027b5e) Importer(815301076,1909f56bfc062723c751e8b465ee728b)
Start importing Assets/EldamarStudio/Materials using Guid(884f6a6bcd7d90b44bebd686d2027b5e) Importer(815301076,1909f56bfc062723c751e8b465ee728b)  -> (artifact id: 'a8a8d813b61b58213a8e5f7978d53a99') in 0.007229 seconds 
========================================================================
Received Import Request.
  Time since last request: 5.052892 seconds.
  path: Assets/EldamarStudio/Realistic Materials Pack #1/Scenes
  artifactKey: Guid(e428896bce5700a418bb04bfe3fd0d06) Importer(815301076,1909f56bfc062723c751e8b465ee728b)
Start importing Assets/EldamarStudio/Realistic Materials Pack #1/Scenes using Guid(e428896bce5700a418bb04bfe3fd0d06) Importer(815301076,1909f56bfc062723c751e8b465ee728b)  -> (artifact id: 'ecfc6894f779a713cc5a5b35acaddd32') in 0.006850 seconds 
========================================================================
Received Import Request.
  Time since last request: 1.906899 seconds.
  path: Assets/EldamarStudio/Realistic Materials Pack #1/Textures
  artifactKey: Guid(b89b481bcb849e346834d9b81ac2858a) Importer(815301076,1909f56bfc062723c751e8b465ee728b)
Start importing Assets/EldamarStudio/Realistic Materials Pack #1/Textures using Guid(b89b481bcb849e346834d9b81ac2858a) Importer(815301076,1909f56bfc062723c751e8b465ee728b)  -> (artifact id: '5463c68066ed694befaeb01e39cff4da') in 0.006918 seconds 
========================================================================
Received Import Request.
  Time since last request: 0.706407 seconds.
  path: Assets/EldamarStudio/Realistic Materials Pack #1/Textures/Tiles_Pack
  artifactKey: Guid(1945cd3d4d441034187e7d32d0b8f31e) Importer(815301076,1909f56bfc062723c751e8b465ee728b)
Start importing Assets/EldamarStudio/Realistic Materials Pack #1/Textures/Tiles_Pack using Guid(1945cd3d4d441034187e7d32d0b8f31e) Importer(815301076,1909f56bfc062723c751e8b465ee728b)  -> (artifact id: '794fbb413c0f77bfd9a7bdf8d47a81e5') in 0.007115 seconds 
========================================================================
Received Import Request.
  Time since last request: 144.410073 seconds.
  path: Assets/EldamarStudio/Realistic Materials Pack #1/Materials/Concrete_Tile_02.mat
  artifactKey: Guid(8e6eee854dd14cf448cc687ad46c5a77) Importer(815301076,1909f56bfc062723c751e8b465ee728b)
Start importing Assets/EldamarStudio/Realistic Materials Pack #1/Materials/Concrete_Tile_02.mat using Guid(8e6eee854dd14cf448cc687ad46c5a77) Importer(815301076,1909f56bfc062723c751e8b465ee728b)  -> (artifact id: '2cb32a89b29562a8f46745547de43ef8') in 0.041880 seconds 
========================================================================
Received Prepare
Registering precompiled user dll's ...
Registered in 0.007609 seconds.
Begin MonoManager ReloadAssembly
Symbol file LoadedFromMemory doesn't match image C:\Users\janko\Documents\war_simulator\zbrojnice\Library\PackageCache\com.unity.visualscripting@1.7.6\Editor\VisualScripting.Core\Dependencies\YamlDotNet\Unity.VisualScripting.YamlDotNet.dll
Symbol file LoadedFromMemory doesn't match image C:\Users\janko\Documents\war_simulator\zbrojnice\Library\PackageCache\com.unity.visualscripting@1.7.6\Editor\VisualScripting.Core\Dependencies\DotNetZip\Unity.VisualScripting.IonicZip.dll
Native extension for WindowsStandalone target not found
Native extension for WebGL target not found
Refreshing native plugins compatible for Editor in 0.67 ms, found 3 plugins.
Preloading 0 native plugins for Editor in 0.00 ms.
Mono: successfully reloaded assembly
- Completed reload, in  1.143 seconds
Domain Reload Profiling:
	ReloadAssembly (1144ms)
		BeginReloadAssembly (156ms)
			ExecutionOrderSort (0ms)
			DisableScriptedObjects (5ms)
			BackupInstance (0ms)
			ReleaseScriptingObjects (0ms)
			CreateAndSetChildDomain (41ms)
		EndReloadAssembly (865ms)
			LoadAssemblies (97ms)
			RebuildTransferFunctionScriptingTraits (0ms)
			SetupTypeCache (312ms)
			ReleaseScriptCaches (1ms)
			RebuildScriptCaches (44ms)
			SetupLoadedEditorAssemblies (362ms)
				LogAssemblyErrors (0ms)
				InitializePlatformSupportModulesInManaged (17ms)
				SetLoadedEditorAssemblies (1ms)
				RefreshPlugins (1ms)
				BeforeProcessingInitializeOnLoad (75ms)
				ProcessInitializeOnLoadAttributes (230ms)
				ProcessInitializeOnLoadMethodAttributes (25ms)
				AfterProcessingInitializeOnLoad (13ms)
				EditorAssembliesLoaded (0ms)
			ExecutionOrderSort2 (0ms)
			AwakeInstancesAfterBackupRestoration (16ms)
Platform modules already initialized, skipping
Refreshing native plugins compatible for Editor in 0.66 ms, found 3 plugins.
Preloading 0 native plugins for Editor in 0.00 ms.
Unloading 3212 Unused Serialized files (Serialized files now loaded: 0)
Unloading 21 unused Assets / (79.3 KB). Loaded Objects now: 3733.
Memory consumption went from 129.6 MB to 129.5 MB.
Total: 3.774100 ms (FindLiveObjects: 0.348300 ms CreateObjectMapping: 0.097000 ms MarkObjects: 3.230000 ms  DeleteObjects: 0.097300 ms)

AssetImportParameters requested are different than current active one (requested -> active):
  custom:video-decoder-ogg-theora: a1e56fd34408186e4bbccfd4996cb3dc -> 
  custom:container-muxer-webm: aa71ff27fc2769a1b78a27578f13a17b -> 
  custom:container-demuxer-webm: 4f35f7cbe854078d1ac9338744f61a02 -> 
  custom:video-encoder-webm-vp8: eb34c28f22e8b96e1ab97ce403110664 -> 
  custom:audio-encoder-webm-vorbis: bf7c407c2cedff20999df2af8eb42d56 -> 
  custom:framework-win-MediaFoundation: 216162199b28c13a410421893ffa2e32 -> 
  custom:container-demuxer-ogg: 62fdf1f143b41e24485cea50d1cbac27 -> 
  custom:video-decoder-webm-vp8: 9c59270c3fd7afecdb556c50c9e8de78 -> 
  custom:audio-decoder-ogg-vorbis: bf7c407c2cedff20999df2af8eb42d56 -> 
========================================================================
Received Import Request.
  Time since last request: 61.086576 seconds.
  path: Assets/objects/tank.prefab
  artifactKey: Guid(c4c44c0cdc571b54aad361e3e72d7a22) Importer(815301076,1909f56bfc062723c751e8b465ee728b)
Start importing Assets/objects/tank.prefab using Guid(c4c44c0cdc571b54aad361e3e72d7a22) Importer(815301076,1909f56bfc062723c751e8b465ee728b)  -> (artifact id: '1e0cc7457506a07aa6b4233b30f3cd98') in 0.099275 seconds 
========================================================================
Received Import Request.
  Time since last request: 152.073003 seconds.
  path: Assets/objects/models/soldier_medic.blend
  artifactKey: Guid(2b501112f660fa04790abe7a31b4b533) Importer(815301076,1909f56bfc062723c751e8b465ee728b)
Start importing Assets/objects/models/soldier_medic.blend using Guid(2b501112f660fa04790abe7a31b4b533) Importer(815301076,1909f56bfc062723c751e8b465ee728b)  -> (artifact id: '80d0fab103c4ed67fe068bf6891831b5') in 0.104791 seconds 
========================================================================
Received Import Request.
  Time since last request: 234.446020 seconds.
  path: Assets/texture/Materials/concreate.mat
  artifactKey: Guid(fbb81ba84b5168f4e8ccfba1db83e4d6) Importer(815301076,1909f56bfc062723c751e8b465ee728b)
Start importing Assets/texture/Materials/concreate.mat using Guid(fbb81ba84b5168f4e8ccfba1db83e4d6) Importer(815301076,1909f56bfc062723c751e8b465ee728b)  -> (artifact id: 'c6e079cd50a746c44ab60eba67a80aad') in 0.014363 seconds 
========================================================================
Received Import Request.
  Time since last request: 75.316078 seconds.
  path: Assets/objects/soldiers
  artifactKey: Guid(e2fa3b1f334b4324881d8d9e80a24187) Importer(815301076,1909f56bfc062723c751e8b465ee728b)
Start importing Assets/objects/soldiers using Guid(e2fa3b1f334b4324881d8d9e80a24187) Importer(815301076,1909f56bfc062723c751e8b465ee728b)  -> (artifact id: 'ab672291fcfde3cbe315a27486fe58ed') in 0.007299 seconds 
========================================================================
Received Import Request.
  Time since last request: 13.815526 seconds.
  path: Assets/objects/soldiers/czech
  artifactKey: Guid(7cc50808759dec04cbc19a001c107446) Importer(815301076,1909f56bfc062723c751e8b465ee728b)
Start importing Assets/objects/soldiers/czech using Guid(7cc50808759dec04cbc19a001c107446) Importer(815301076,1909f56bfc062723c751e8b465ee728b)  -> (artifact id: 'f5782a7eaffec69d570bf7aa276af695') in 0.007011 seconds 
========================================================================
Received Import Request.
  Time since last request: 7.540002 seconds.
  path: Assets/objects/soldiers/germany
  artifactKey: Guid(48acc19436b1e0f408f8ddf463c71bc5) Importer(815301076,1909f56bfc062723c751e8b465ee728b)
Start importing Assets/objects/soldiers/germany using Guid(48acc19436b1e0f408f8ddf463c71bc5) Importer(815301076,1909f56bfc062723c751e8b465ee728b)  -> (artifact id: 'be914a5b9055de8a3279ed1d09db5b91') in 0.006851 seconds 
========================================================================
Received Import Request.
  Time since last request: 9.683342 seconds.
  path: Assets/objects/soldiers/czech/soldier_medic.prefab
  artifactKey: Guid(b325c9d96177c6842830b2ca9b4edadf) Importer(815301076,1909f56bfc062723c751e8b465ee728b)
Start importing Assets/objects/soldiers/czech/soldier_medic.prefab using Guid(b325c9d96177c6842830b2ca9b4edadf) Importer(815301076,1909f56bfc062723c751e8b465ee728b)  -> (artifact id: '1e0364b9f989777231b7d60d4e299cce') in 0.018410 seconds 
========================================================================
Received Import Request.
  Time since last request: 0.000024 seconds.
  path: Assets/objects/soldiers/czech/soldier_with_gun.prefab
  artifactKey: Guid(b675483217d310341b57fa8335ffef06) Importer(815301076,1909f56bfc062723c751e8b465ee728b)
Start importing Assets/objects/soldiers/czech/soldier_with_gun.prefab using Guid(b675483217d310341b57fa8335ffef06) Importer(815301076,1909f56bfc062723c751e8b465ee728b)  -> (artifact id: '54a13daa3c7216ecbe0fe3e954144704') in 0.020563 seconds 
========================================================================
Received Import Request.
  Time since last request: 116.731003 seconds.
  path: Assets/objects/soldiers/germany/soldier_medic (1).prefab
  artifactKey: Guid(0b7e8969d4e05f643be9c9c781d4b8c7) Importer(815301076,1909f56bfc062723c751e8b465ee728b)
Start importing Assets/objects/soldiers/germany/soldier_medic (1).prefab using Guid(0b7e8969d4e05f643be9c9c781d4b8c7) Importer(815301076,1909f56bfc062723c751e8b465ee728b)  -> (artifact id: 'b2ddcc2312cc7b4dddab3efd067f3f73') in 0.019421 seconds 
========================================================================
Received Import Request.
  Time since last request: 0.000030 seconds.
  path: Assets/objects/soldiers/germany/soldier_with_gun (1).prefab
  artifactKey: Guid(15716aaa4d5af294db7ddda281e50b1d) Importer(815301076,1909f56bfc062723c751e8b465ee728b)
Start importing Assets/objects/soldiers/germany/soldier_with_gun (1).prefab using Guid(15716aaa4d5af294db7ddda281e50b1d) Importer(815301076,1909f56bfc062723c751e8b465ee728b)  -> (artifact id: '55ed713537130d5ea8c0621ed0272b97') in 0.024188 seconds 
========================================================================
Received Prepare
Registering precompiled user dll's ...
Registered in 0.007309 seconds.
Begin MonoManager ReloadAssembly
Symbol file LoadedFromMemory doesn't match image C:\Users\janko\Documents\war_simulator\zbrojnice\Library\PackageCache\com.unity.visualscripting@1.7.6\Editor\VisualScripting.Core\Dependencies\YamlDotNet\Unity.VisualScripting.YamlDotNet.dll
Symbol file LoadedFromMemory doesn't match image C:\Users\janko\Documents\war_simulator\zbrojnice\Library\PackageCache\com.unity.visualscripting@1.7.6\Editor\VisualScripting.Core\Dependencies\DotNetZip\Unity.VisualScripting.IonicZip.dll
Native extension for WindowsStandalone target not found
Native extension for WebGL target not found
Refreshing native plugins compatible for Editor in 0.69 ms, found 3 plugins.
Preloading 0 native plugins for Editor in 0.00 ms.
Mono: successfully reloaded assembly
- Completed reload, in  1.188 seconds
Domain Reload Profiling:
	ReloadAssembly (1189ms)
		BeginReloadAssembly (155ms)
			ExecutionOrderSort (0ms)
			DisableScriptedObjects (5ms)
			BackupInstance (0ms)
			ReleaseScriptingObjects (0ms)
			CreateAndSetChildDomain (39ms)
		EndReloadAssembly (917ms)
			LoadAssemblies (101ms)
			RebuildTransferFunctionScriptingTraits (0ms)
			SetupTypeCache (308ms)
			ReleaseScriptCaches (1ms)
			RebuildScriptCaches (50ms)
			SetupLoadedEditorAssemblies (402ms)
				LogAssemblyErrors (0ms)
				InitializePlatformSupportModulesInManaged (18ms)
				SetLoadedEditorAssemblies (1ms)
				RefreshPlugins (1ms)
				BeforeProcessingInitializeOnLoad (87ms)
				ProcessInitializeOnLoadAttributes (257ms)
				ProcessInitializeOnLoadMethodAttributes (28ms)
				AfterProcessingInitializeOnLoad (12ms)
				EditorAssembliesLoaded (0ms)
			ExecutionOrderSort2 (0ms)
			AwakeInstancesAfterBackupRestoration (17ms)
Platform modules already initialized, skipping
Refreshing native plugins compatible for Editor in 0.68 ms, found 3 plugins.
Preloading 0 native plugins for Editor in 0.00 ms.
Unloading 3211 Unused Serialized files (Serialized files now loaded: 0)
Unloading 21 unused Assets / (79.3 KB). Loaded Objects now: 3735.
Memory consumption went from 129.6 MB to 129.6 MB.
Total: 3.928200 ms (FindLiveObjects: 0.360000 ms CreateObjectMapping: 0.091700 ms MarkObjects: 3.361600 ms  DeleteObjects: 0.113100 ms)

AssetImportParameters requested are different than current active one (requested -> active):
  custom:video-decoder-ogg-theora: a1e56fd34408186e4bbccfd4996cb3dc -> 
  custom:container-muxer-webm: aa71ff27fc2769a1b78a27578f13a17b -> 
  custom:container-demuxer-webm: 4f35f7cbe854078d1ac9338744f61a02 -> 
  custom:video-encoder-webm-vp8: eb34c28f22e8b96e1ab97ce403110664 -> 
  custom:audio-encoder-webm-vorbis: bf7c407c2cedff20999df2af8eb42d56 -> 
  custom:framework-win-MediaFoundation: 216162199b28c13a410421893ffa2e32 -> 
  custom:container-demuxer-ogg: 62fdf1f143b41e24485cea50d1cbac27 -> 
  custom:video-decoder-webm-vp8: 9c59270c3fd7afecdb556c50c9e8de78 -> 
  custom:audio-decoder-ogg-vorbis: bf7c407c2cedff20999df2af8eb42d56 -> 
